This file contains any messages produced by compilers while
running configure, to aid debugging if configure makes a mistake.

It was created by configure, which was
generated by GNU Autoconf 2.72.  Invocation command line was

  $ ./configure CFLAGS= 'LDFLAGS=-shared-libgcc ' CPPFLAGS= --no-create --no-recursion

## --------- ##
## Platform. ##
## --------- ##

hostname = deepin-PC
uname -m = aarch64
uname -r = 6.6.93-arm64-desktop-hwe
uname -s = Linux
uname -v = #25.01.00.04 SMP PREEMPT Tue Jun 24 15:57:43 CST 2025

/usr/bin/uname -p = unknown
/bin/uname -X     = unknown

/bin/arch              = aarch64
/usr/bin/arch -k       = unknown
/usr/convex/getsysinfo = unknown
/usr/bin/hostinfo      = unknown
/bin/machine           = unknown
/usr/bin/oslevel       = unknown
/bin/universe          = unknown

PATH: /usr/sbin/
PATH: /usr/bin/
PATH: /sbin/
PATH: /bin/
PATH: /usr/bin/X11/


## ----------- ##
## Core tests. ##
## ----------- ##

configure:2455: looking for aux files: config.guess config.sub
configure:2468:  trying /usr/share/GNUstep/Makefiles/
configure:2497:   /usr/share/GNUstep/Makefiles/config.guess found
configure:2497:   /usr/share/GNUstep/Makefiles/config.sub found
configure:2638: checking build system type
configure:2654: result: aarch64-unknown-linux-gnu
configure:2674: checking host system type
configure:2689: result: aarch64-unknown-linux-gnu
configure:2709: checking target system type
configure:2724: result: aarch64-unknown-linux-gnu
configure:2856: checking for gcc
configure:2889: result: gcc
configure:3248: checking for C compiler version
configure:3257: gcc --version >&5
gcc (Deepin 12.3.0-17deepin14) 12.3.0
Copyright (C) 2022 Free Software Foundation, Inc.
This is free software; see the source for copying conditions.  There is NO
warranty; not even for MERCHANTABILITY or FITNESS FOR A PARTICULAR PURPOSE.

configure:3268: $? = 0
configure:3257: gcc -v >&5
Using built-in specs.
COLLECT_GCC=gcc
COLLECT_LTO_WRAPPER=/usr/lib/gcc/aarch64-linux-gnu/12/lto-wrapper
Target: aarch64-linux-gnu
Configured with: ../src/configure -v --with-pkgversion='Deepin 12.3.0-17deepin14' --with-bugurl=file:///usr/share/doc/gcc-12/README.Bugs --enable-languages=c,ada,c++,go,d,fortran,objc,obj-c++,m2 --prefix=/usr --with-gcc-major-version-only --program-suffix=-12 --program-prefix=aarch64-linux-gnu- --enable-shared --enable-linker-build-id --libexecdir=/usr/lib --without-included-gettext --enable-threads=posix --libdir=/usr/lib --enable-nls --enable-clocale=gnu --enable-libstdcxx-debug --enable-libstdcxx-time=yes --with-default-libstdcxx-abi=new --enable-gnu-unique-object --disable-libquadmath --disable-libquadmath-support --enable-plugin --enable-default-pie --with-system-zlib --enable-libphobos-checking=release --with-target-system-zlib=auto --enable-objc-gc=auto --enable-multiarch --enable-fix-cortex-a53-843419 --disable-werror --enable-checking=release --build=aarch64-linux-gnu --host=aarch64-linux-gnu --target=aarch64-linux-gnu
Thread model: posix
Supported LTO compression algorithms: zlib zstd
gcc version 12.3.0 (Deepin 12.3.0-17deepin14) 
configure:3268: $? = 0
configure:3257: gcc -V >&5
gcc: error: unrecognized command-line option '-V'
gcc: fatal error: no input files
compilation terminated.
configure:3268: $? = 1
configure:3257: gcc -qversion >&5
gcc: error: unrecognized command-line option '-qversion'; did you mean '--version'?
gcc: fatal error: no input files
compilation terminated.
configure:3268: $? = 1
configure:3257: gcc -version >&5
gcc: error: unrecognized command-line option '-version'
gcc: fatal error: no input files
compilation terminated.
configure:3268: $? = 1
configure:3288: checking whether the C compiler works
configure:3310: gcc   -shared-libgcc  conftest.c  >&5
configure:3314: $? = 0
configure:3365: result: yes
configure:3369: checking for C compiler default output file name
configure:3371: result: a.out
configure:3377: checking for suffix of executables
configure:3384: gcc -o conftest   -shared-libgcc  conftest.c  >&5
configure:3388: $? = 0
configure:3412: result: 
configure:3436: checking whether we are cross compiling
configure:3444: gcc -o conftest   -shared-libgcc  conftest.c  >&5
configure:3448: $? = 0
configure:3455: ./conftest
configure:3459: $? = 0
configure:3474: result: no
configure:3480: checking for suffix of object files
configure:3503: gcc -c   conftest.c >&5
configure:3507: $? = 0
configure:3531: result: o
configure:3535: checking whether the compiler supports GNU C
configure:3555: gcc -c   conftest.c >&5
configure:3555: $? = 0
configure:3567: result: yes
configure:3578: checking whether gcc accepts -g
configure:3599: gcc -c -g  conftest.c >&5
configure:3599: $? = 0
configure:3646: result: yes
configure:3666: checking for gcc option to enable C11 features
configure:3681: gcc  -c   conftest.c >&5
configure:3681: $? = 0
configure:3700: result: none needed
configure:3823: checking how to run the C preprocessor
configure:3894: result: gcc -E
configure:3908: gcc -E  conftest.c
configure:3908: $? = 0
configure:3924: gcc -E  conftest.c
conftest.c:9:10: fatal error: ac_nonexistent.h: No such file or directory
    9 | #include <ac_nonexistent.h>
      |          ^~~~~~~~~~~~~~~~~~
compilation terminated.
configure:3924: $? = 1
configure: failed program was:
| /* confdefs.h */
| #define PACKAGE_NAME ""
| #define PACKAGE_TARNAME ""
| #define PACKAGE_VERSION ""
| #define PACKAGE_STRING ""
| #define PACKAGE_BUGREPORT ""
| #define PACKAGE_URL ""
| /* end confdefs.h.  */
| #include <ac_nonexistent.h>
configure:3972: checking for X
configure:4010: gcc -o conftest   -shared-libgcc  conftest.c -lX11  >&5
configure:4010: $? = 0
configure:4200: result: libraries , headers 
configure:4245: checking for main in -lm
configure:4265: gcc -o conftest   -I/usr/include/GNUstep -shared-libgcc  -L/usr/lib/gnu-gnu-gnu -L/usr/lib conftest.c -lm   >&5
configure:4265: $? = 0
configure:4277: result: yes
configure:4287: checking for rint
configure:4287: gcc -o conftest   -I/usr/include/GNUstep -shared-libgcc  -L/usr/lib/gnu-gnu-gnu -L/usr/lib conftest.c -lm  >&5
conftest.c:26:6: warning: conflicting types for built-in function 'rint'; expected 'double(double)' [-Wbuiltin-declaration-mismatch]
   26 | char rint (void);
      |      ^~~~
conftest.c:18:1: note: 'rint' is declared in header '<math.h>'
   17 | #include <limits.h>
   18 | #undef rint
configure:4287: $? = 0
configure:4287: result: yes
configure:4293: checking for rintf
configure:4293: gcc -o conftest   -I/usr/include/GNUstep -shared-libgcc  -L/usr/lib/gnu-gnu-gnu -L/usr/lib conftest.c -lm  >&5

## ---------------- ##
## Cache variables. ##
## ---------------- ##

ac_cv_build=aarch64-unknown-linux-gnu
ac_cv_c_compiler_gnu=yes
ac_cv_env_CC_set=
ac_cv_env_CC_value=
ac_cv_env_CFLAGS_set=set
ac_cv_env_CFLAGS_value=
ac_cv_env_CPPFLAGS_set=set
ac_cv_env_CPPFLAGS_value=
ac_cv_env_CPP_set=
ac_cv_env_CPP_value=
ac_cv_env_IMAGEMAGICK_CFLAGS_set=
ac_cv_env_IMAGEMAGICK_CFLAGS_value=
ac_cv_env_IMAGEMAGICK_LIBS_set=
ac_cv_env_IMAGEMAGICK_LIBS_value=
ac_cv_env_LDFLAGS_set=set
ac_cv_env_LDFLAGS_value='-shared-libgcc '
ac_cv_env_LIBS_set=
ac_cv_env_LIBS_value=
ac_cv_env_PKG_CONFIG_LIBDIR_set=
ac_cv_env_PKG_CONFIG_LIBDIR_value=
ac_cv_env_PKG_CONFIG_PATH_set=
ac_cv_env_PKG_CONFIG_PATH_value=
ac_cv_env_PKG_CONFIG_set=
ac_cv_env_PKG_CONFIG_value=
ac_cv_env_XMKMF_set=
ac_cv_env_XMKMF_value=
ac_cv_env_build_alias_set=
ac_cv_env_build_alias_value=
ac_cv_env_host_alias_set=
ac_cv_env_host_alias_value=
ac_cv_env_target_alias_set=
ac_cv_env_target_alias_value=
ac_cv_func_rint=yes
ac_cv_have_x='have_x=yes	ac_x_includes='\'''\''	ac_x_libraries='\'''\'''
ac_cv_host=aarch64-unknown-linux-gnu
ac_cv_lib_m_main=yes
ac_cv_objext=o
ac_cv_prog_CPP='gcc -E'
ac_cv_prog_ac_ct_CC=gcc
ac_cv_prog_cc_c11=
ac_cv_prog_cc_g=yes
ac_cv_prog_cc_stdc=
ac_cv_target=aarch64-unknown-linux-gnu

## ----------------- ##
## Output variables. ##
## ----------------- ##

BUILD_GSCUPS=''
BUILD_SOUND=''
BUILD_SPEECH=''
BUILD_SPEECH_RECOGNIZER=''
CC='gcc'
CFLAGS=''
CONFIG_SYSTEM_INCL=''
CONFIG_SYSTEM_LIB_DIR='-shared-libgcc '
CPP='gcc -E'
CPPFLAGS=' -I/usr/include/GNUstep'
DEFS=''
ECHO_C=''
ECHO_N='-n'
ECHO_T=''
EXEEXT=''
GNUSTEP_GUI_MAJOR_VERSION=''
GNUSTEP_GUI_MINOR_VERSION=''
GNUSTEP_GUI_SUBMINOR_VERSION=''
GNUSTEP_GUI_VERSION=''
GSCUPS_CFLAGS=''
GSCUPS_DATADIR=''
GSCUPS_LDFLAGS=''
GSCUPS_LIBS=''
HAVE_ICU=''
HAVE_LIBPNG_CONFIG=''
ICU_CONFIG=''
ICU_LIBS=''
IMAGEMAGICK_CFLAGS=''
IMAGEMAGICK_LIBS=''
LDFLAGS='-shared-libgcc  -L/usr/lib/gnu-gnu-gnu -L/usr/lib'
LIBOBJS=''
LIBS='-lm '
LTLIBOBJS=''
OBJEXT='o'
PACKAGE_BUGREPORT=''
PACKAGE_NAME=''
PACKAGE_STRING=''
PACKAGE_TARNAME=''
PACKAGE_URL=''
PACKAGE_VERSION=''
PATH_SEPARATOR=':'
PKG_CONFIG=''
PKG_CONFIG_LIBDIR=''
PKG_CONFIG_PATH='/media/psf/Home/Software/gnustep-gui/debian/.debhelper/generated/_source/home/GNUstep/Library/Libraries/pkgconfig:/usr/local/lib/pkgconfig:/usr/lib/pkgconfig'
RECOGNIZER_BASE_CFLAGS=''
RECOGNIZER_BASE_LIBS=''
RECOGNIZER_ENGINE_CLASS=''
SHELL='/bin/bash'
WARN_FLAGS=''
XMKMF=''
ac_ct_CC='gcc'
bindir='${exec_prefix}/bin'
build='aarch64-unknown-linux-gnu'
build_alias=''
build_cpu='aarch64'
build_os='linux-gnu'
build_vendor='unknown'
cross_compiling='no'
datadir='${datarootdir}'
datarootdir='${prefix}/share'
docdir='${datarootdir}/doc/${PACKAGE}'
dvidir='${docdir}'
exec_prefix='NONE'
have_cups=''
host='aarch64-unknown-linux-gnu'
host_alias=''
host_cpu='aarch64'
host_os='linux-gnu'
host_vendor='unknown'
htmldir='${docdir}'
includedir='${prefix}/include'
infodir='${datarootdir}/info'
libdir='${exec_prefix}/lib'
libexecdir='${exec_prefix}/libexec'
localedir='${datarootdir}/locale'
localstatedir='${prefix}/var'
mandir='${datarootdir}/man'
oldincludedir='/usr/include'
pdfdir='${docdir}'
prefix='NONE'
program_transform_name='s,x,x,'
psdir='${docdir}'
runstatedir='${localstatedir}/run'
sbindir='${exec_prefix}/sbin'
sharedstatedir='${prefix}/com'
sysconfdir='${prefix}/etc'
target='aarch64-unknown-linux-gnu'
target_alias=''
target_cpu='aarch64'
target_os='linux-gnu'
target_vendor='unknown'

## ----------- ##
## confdefs.h. ##
## ----------- ##

/* confdefs.h */
#define PACKAGE_NAME ""
#define PACKAGE_TARNAME ""
#define PACKAGE_VERSION ""
#define PACKAGE_STRING ""
#define PACKAGE_BUGREPORT ""
#define PACKAGE_URL ""
#define HAVE_LIBM 1
#define HAVE_RINT 1

configure: caught signal 2
configure: exit 1
